05/07/2020 21:24:01	Este registro contiene información acerca de la operación de importación de esquema en el proyecto 'bbdd-inventarium' del equipo 'DESKTOP-UJ45L1O' por el usuario 'alejo'.
05/07/2020 21:24:01	Se inició la importación del esquema de la base de datos.
05/07/2020 21:24:06	Recopilando inicios de sesión
05/07/2020 21:25:11	Recopilando credenciales de la base de datos
05/07/2020 21:25:11	Recopilando opciones de base de datos
05/07/2020 21:25:11	Recopilando la opción de configuración de ámbito de la base de datos genérica
05/07/2020 21:25:11	Recopilando usuarios
05/07/2020 21:25:11	Recopilando roles
05/07/2020 21:25:11	Recopilando roles de aplicación
05/07/2020 21:25:11	Recopilando pertenencias a roles
05/07/2020 21:25:11	Recopilando grupos de archivos
05/07/2020 21:25:11	Recopilando catálogos de texto completo
05/07/2020 21:25:11	Recopilando ensamblados
05/07/2020 21:25:11	Recopilando certificados
05/07/2020 21:25:11	Recopilando claves simétricas
05/07/2020 21:25:11	Recopilando claves simétricas cifradas
05/07/2020 21:25:11	Recopilando esquemas
05/07/2020 21:25:11	Recopilando colecciones de esquemas XML
05/07/2020 21:25:11	Recopilando tipos de datos definidos por el usuario
05/07/2020 21:25:11	Recopilando tipos definidos por el usuario
05/07/2020 21:25:11	Recopilando tipos de tabla
05/07/2020 21:25:11	Recopilando claves únicas para tipos de tabla
05/07/2020 21:25:11	Recopilando claves principales para tipos de tabla
05/07/2020 21:25:11	Recopilando índices para tipos de tablas
05/07/2020 21:25:11	Recopilando restricciones CHECK para tipos de tabla
05/07/2020 21:25:11	Recopilando restricciones DEFAULT para tipos de tabla
05/07/2020 21:25:11	Recopilando funciones de partición
05/07/2020 21:25:11	Recopilando esquemas de partición
05/07/2020 21:25:11	Recopilando funciones
05/07/2020 21:25:11	Recopilando funciones cifradas
05/07/2020 21:25:11	Recopilando agregados
05/07/2020 21:25:11	Recopilando procedimientos
05/07/2020 21:25:11	Recopilando procedimientos cifrados
05/07/2020 21:25:11	Recopilando tablas
05/07/2020 21:25:11	Recopilando claves principales
05/07/2020 21:25:11	Recopilando restricciones UNIQUE
05/07/2020 21:25:11	Recopilando claves externas
05/07/2020 21:25:11	Recopilando restricciones DEFAULT
05/07/2020 21:25:11	Recopilando restricciones CHECK
05/07/2020 21:25:11	Recopilando vistas
05/07/2020 21:25:11	Recopilando vistas cifradas
05/07/2020 21:25:11	Recopilando índices
05/07/2020 21:25:11	Recopilando estadísticas
05/07/2020 21:25:11	Recopilando listas de palabras irrelevantes de índices de texto completo
05/07/2020 21:25:11	Recopilando listas de propiedades de búsqueda
05/07/2020 21:25:11	Recopilando propiedades de búsqueda
05/07/2020 21:25:11	Recopilando índices de texto completo
05/07/2020 21:25:11	Recopilando índices de almacenamiento de columnas
05/07/2020 21:25:11	Recopilando índices espaciales
05/07/2020 21:25:11	Recopilando índices XML
05/07/2020 21:25:12	Recopilando índices XML selectivos
05/07/2020 21:25:12	Recopilando desencadenadores cifrados
05/07/2020 21:25:12	Recopilando desencadenadores
05/07/2020 21:25:12	Recopilando DDL triggers cifrados y de CLR
05/07/2020 21:25:12	Recopilando DDL triggers
05/07/2020 21:25:12	Creación de la restricción perimetral en curso
05/07/2020 21:25:12	Recopilando sinónimos
05/07/2020 21:25:12	Recopilando valores predeterminados
05/07/2020 21:25:12	Recopilando enlaces UDDT de restricción de datos
05/07/2020 21:25:12	Recopilando reglas
05/07/2020 21:25:12	Recopilando enlaces UDDT de restricción de datos
05/07/2020 21:25:12	Recopilando tipos de mensaje
05/07/2020 21:25:12	Recopilando colas
05/07/2020 21:25:12	Recopilando contratos
05/07/2020 21:25:12	Recopilando servicios
05/07/2020 21:25:12	Recopilando notificaciones de eventos
05/07/2020 21:25:12	Recopilando enlaces de servicio remoto
05/07/2020 21:25:12	Recopilando prioridades de Broker
05/07/2020 21:25:12	Recopilando firmas
05/07/2020 21:25:12	Recopilando opciones de compresión de datos
05/07/2020 21:25:12	Recopilando tipos de secuencia
05/07/2020 21:25:12	Recopilando directivas de seguridad
05/07/2020 21:25:12	Recopilar claves de cifrado de columna
05/07/2020 21:25:12	Recopilando claves maestras de columna
05/07/2020 21:25:12	Recopilando orígenes de datos externos
05/07/2020 21:25:12	Recopilando tablas externas
05/07/2020 21:25:12	Recopilando propiedades extendidas
05/07/2020 21:25:13	Recopilando inicios de sesión
05/07/2020 21:25:15	Finalizó la importación de la base de datos.
05/07/2020 21:25:15	Se guardó un resumen de la importación en la siguiente ubicación: C:\Users\alejo\GitHub\UAL-Inventarium\Diseño\Base de datos\SQLServerAzure\bbdd-inventarium\Registros de importación de esquemas\bbdd-inventarium_20200705072401.log
05/07/2020 21:25:15	Haga clic en Finalizar para continuar...
