This is pdfTeX, Version 3.14159265-2.6-1.40.21 (TeX Live 2020/Debian) (preloaded format=pdflatex 2022.2.4)  4 FEB 2022 15:01
entering extended mode
 restricted \write18 enabled.
 file:line:error style messages enabled.
 %&-line parsing enabled.
**/home/alejomaf/Documents/Inventarium/documentacion/main.tex
(/home/alejomaf/Documents/Inventarium/documentacion/main.tex
LaTeX2e <2020-10-01> patch level 4
L3 programming layer <2021-01-09> xparse <2020-03-03> (./include/config.tex (/usr/share/texlive/texmf-dist/tex/latex/koma-script/scrbook.cls
Document Class: scrbook 2020/09/21 v3.32 KOMA-Script document class (book)
(/usr/share/texlive/texmf-dist/tex/latex/koma-script/scrkbase.sty
Package: scrkbase 2020/09/21 v3.32 KOMA-Script package (KOMA-Script-dependent basics and keyval usage)
 (/usr/share/texlive/texmf-dist/tex/latex/koma-script/scrbase.sty
Package: scrbase 2020/09/21 v3.32 KOMA-Script package (KOMA-Script-independent basics and keyval usage)
 (/usr/share/texlive/texmf-dist/tex/latex/koma-script/scrlfile.sty
Package: scrlfile 2020/09/21 v3.32 KOMA-Script package (file load hooks)
 (/usr/share/texlive/texmf-dist/tex/latex/koma-script/scrlfile-hook.sty
Package: scrlfile-hook 2020/09/21 v3.32 KOMA-Script package (using LaTeX hooks)

LaTeX3 Info: Defining command \BeforeFile with sig. 'm' on line 61.


LaTeX3 Info: Defining command \AfterFile with sig. 'm' on line 65.


LaTeX3 Info: Defining command \BeforeClass with sig. 'm' on line 69.


LaTeX3 Info: Defining command \BeforePackage with sig. 'm' on line 73.


LaTeX3 Info: Defining command \AfterAtEndOfClass with sig. 'smo+m' on line 83.


LaTeX3 Info: Defining command \AfterAtEndOfPackage with sig. 'smo+m' on line
(LaTeX3)     93.


LaTeX3 Info: Defining command \scrlfile@AfterClass with sig. 'smo+m' on line
(LaTeX3)     173.


LaTeX3 Info: Defining command \AfterClass with sig. '' on line 174.


LaTeX3 Info: Defining command \scrlfile@AfterPackage with sig. 'smo+m' on line
(LaTeX3)     191.


LaTeX3 Info: Defining command \AfterPackage with sig. '' on line 192.


LaTeX3 Info: Defining command \ReplaceInput with sig. '' on line 193.


LaTeX3 Info: Defining command \ReplaceClass with sig. 'mm' on line 196.


LaTeX3 Info: Defining command \ReplacePackage with sig. 'mm' on line 199.


LaTeX3 Info: Defining command \UnReplaceInput with sig. '' on line 200.


LaTeX3 Info: Defining command \UnReplaceClass with sig. 'm' on line 203.


LaTeX3 Info: Defining command \UnReplacePackage with sig. 'mm' on line 206.


LaTeX3 Info: Defining command \PreventPackageFromLoading with sig. 's+om' on
(LaTeX3)     line 234.


LaTeX3 Info: Defining command \StorePreventPackageFromLoading with sig. 'm' on
(LaTeX3)     line 242.


LaTeX3 Info: Defining command \ResetPreventPackageFromLoading with sig. '' on
(LaTeX3)     line 247.


LaTeX3 Info: Defining command \UnPreventPackageFromLoading with sig. 'sm' on
(LaTeX3)     line 261.


LaTeX3 Info: Defining command \BeforeClosingMainAux with sig. 'om' on line
(LaTeX3)     274.


LaTeX3 Info: Defining command \AfterReadingMainAux with sig. 'om' on line 287.


LaTeX3 Info: Defining command \protected@immediate@write with sig. 'm+m+m' on
(LaTeX3)     line 298.

 (/usr/share/texlive/texmf-dist/tex/latex/koma-script/scrlogo.sty
Package: scrlogo 2020/09/21 v3.32 KOMA-Script package (logo)
))) (/usr/share/texlive/texmf-dist/tex/latex/graphics/keyval.sty
Package: keyval 2014/10/28 v1.15 key=value parser (DPC)
\KV@toks@=\toks15
))) (/usr/share/texlive/texmf-dist/tex/latex/koma-script/tocbasic.sty
Package: tocbasic 2020/09/21 v3.32 KOMA-Script package (handling toc-files)
\scr@dte@tocline@numberwidth=\skip47
\scr@dte@tocline@numbox=\box47
)
Package tocbasic Info: babel extension for `toc' omitted
(tocbasic)             because of missing \bbl@set@language on input line 137.
Package scrbook Info: You've used standard option `11pt'.
(scrbook)             This is correct!
(scrbook)             Internally I'm using `fontsize=11pt'.
(scrbook)             If you'd like to set the option with \KOMAoptions,
(scrbook)             you'd have to use `fontsize=11pt' there
(scrbook)             instead of `11pt', too.
Class scrbook Info: File `scrsize11pt.clo' used to setup font sizes on input line 2437.
 (/usr/share/texlive/texmf-dist/tex/latex/koma-script/scrsize11pt.clo
File: scrsize11pt.clo 2020/09/21 v3.32 KOMA-Script font size class option (11pt)
) (/usr/share/texlive/texmf-dist/tex/latex/koma-script/typearea.sty
Package: typearea 2020/09/21 v3.32 KOMA-Script package (type area)
\ta@bcor=\skip48
\ta@div=\count177
Package typearea Info: You've used standard option `a4paper'.
(typearea)             This is correct!
(typearea)             Internally I'm using `paper=a4'.
(typearea)             If you'd like to set the option with \KOMAoptions,
(typearea)             you'd have to use `paper=a4' there
(typearea)             instead of `a4paper', too.
\ta@hblk=\skip49
\ta@vblk=\skip50
\ta@temp=\skip51
\footheight=\skip52
Package typearea Info: These are the values describing the layout:
(typearea)             DIV  = 10
(typearea)             BCOR = 0.0pt
(typearea)             \paperwidth      = 597.50793pt
(typearea)              \textwidth      = 418.25555pt
(typearea)              DIV departure   = -6%
(typearea)              \evensidemargin = 47.2316pt
(typearea)              \oddsidemargin  = -12.5192pt
(typearea)             \paperheight     = 845.04694pt
(typearea)              \textheight     = 595.80026pt
(typearea)              \topmargin      = -25.16531pt
(typearea)              \headheight     = 17.0pt
(typearea)              \headsep        = 20.40001pt
(typearea)              \topskip        = 11.0pt
(typearea)              \footskip       = 47.6pt
(typearea)              \baselineskip   = 13.6pt
(typearea)              on input line 1740.
)
\c@part=\count178
\c@chapter=\count179
\c@section=\count180
\c@subsection=\count181
\c@subsubsection=\count182
\c@paragraph=\count183
\c@subparagraph=\count184
\scr@dte@chapter@maxnumwidth=\skip53
Class scrbook Info: using compatibility default `afterindent=bysign'
(scrbook)           for `\chapter on input line 5625.
\scr@dte@section@maxnumwidth=\skip54
Class scrbook Info: using compatibility default `runin=bysign'
(scrbook)           for `\section on input line 5636.
Class scrbook Info: using compatibility default `afterindent=bysign'
(scrbook)           for `\section on input line 5636.
\scr@dte@part@maxnumwidth=\skip55
Class scrbook Info: using compatibility default `afterindent=true'
(scrbook)           for `\part on input line 5645.
\scr@dte@subsection@maxnumwidth=\skip56
Class scrbook Info: using compatibility default `runin=bysign'
(scrbook)           for `\subsection on input line 5655.
Class scrbook Info: using compatibility default `afterindent=bysign'
(scrbook)           for `\subsection on input line 5655.
\scr@dte@subsubsection@maxnumwidth=\skip57
Class scrbook Info: using compatibility default `runin=bysign'
(scrbook)           for `\subsubsection on input line 5665.
Class scrbook Info: using compatibility default `afterindent=bysign'
(scrbook)           for `\subsubsection on input line 5665.
\scr@dte@paragraph@maxnumwidth=\skip58
Class scrbook Info: using compatibility default `runin=bysign'
(scrbook)           for `\paragraph on input line 5676.
Class scrbook Info: using compatibility default `afterindent=bysign'
(scrbook)           for `\paragraph on input line 5676.
\scr@dte@subparagraph@maxnumwidth=\skip59
Class scrbook Info: using compatibility default `runin=bysign'
(scrbook)           for `\subparagraph on input line 5686.
Class scrbook Info: using compatibility default `afterindent=bysign'
(scrbook)           for `\subparagraph on input line 5686.
\abovecaptionskip=\skip60
\belowcaptionskip=\skip61
\c@pti@nb@sid@b@x=\box48
Package tocbasic Info: babel extension for `lof' omitted
(tocbasic)             because of missing \bbl@set@language on input line 6929.
\scr@dte@figure@maxnumwidth=\skip62
\c@figure=\count185
Package tocbasic Info: babel extension for `lot' omitted
(tocbasic)             because of missing \bbl@set@language on input line 6950.
\scr@dte@table@maxnumwidth=\skip63
\c@table=\count186
Class scrbook Info: Redefining `\numberline' on input line 7123.
\bibindent=\dimen138
) (/usr/share/texlive/texmf-dist/tex/latex/geometry/geometry.sty
Package: geometry 2020/01/02 v5.9 Page Geometry
 (/usr/share/texlive/texmf-dist/tex/generic/iftex/ifvtex.sty
Package: ifvtex 2019/10/25 v1.7 ifvtex legacy package. Use iftex instead.
 (/usr/share/texlive/texmf-dist/tex/generic/iftex/iftex.sty
Package: iftex 2020/03/06 v1.0d TeX engine tests
))
\Gm@cnth=\count187
\Gm@cntv=\count188
\c@Gm@tempcnt=\count189
\Gm@bindingoffset=\dimen139
\Gm@wd@mp=\dimen140
\Gm@odd@mp=\dimen141
\Gm@even@mp=\dimen142
\Gm@layoutwidth=\dimen143
\Gm@layoutheight=\dimen144
\Gm@layouthoffset=\dimen145
\Gm@layoutvoffset=\dimen146
\Gm@dimlist=\toks16
) (/usr/share/texlive/texmf-dist/tex/latex/koma-script/scrhack.sty
Package: scrhack 2020/09/21 v3.32 KOMA-Script package (hacking other packages)
 (/usr/share/texlive/texmf-dist/tex/latex/xpatch/xpatch.sty (/usr/share/texlive/texmf-dist/tex/latex/l3kernel/expl3.sty
Package: expl3 2021-01-09 L3 programming layer (loader) 
 (/usr/share/texlive/texmf-dist/tex/latex/l3backend/l3backend-pdftex.def
File: l3backend-pdftex.def 2020-01-29 L3 backend support: PDF output (pdfTeX)
\l__color_backend_stack_int=\count190
\l__pdf_internal_box=\box49
))
Package: xpatch 2020/03/25 v0.3a Extending etoolbox patching commands
 (/usr/share/texlive/texmf-dist/tex/latex/l3packages/xparse/xparse.sty
Package: xparse 2020-10-27 L3 Experimental document command parser
 (/usr/share/texlive/texmf-dist/tex/latex/l3packages/xparse/xparse-generic.tex)) (/usr/share/texlive/texmf-dist/tex/latex/etoolbox/etoolbox.sty
Package: etoolbox 2020/10/05 v2.5k e-TeX tools for LaTeX (JAW)
\etb@tempcnta=\count191
))) (/usr/share/texlive/texmf-dist/tex/latex/koma-script/scrlayer-scrpage.sty
Package: scrlayer-scrpage 2020/09/21 v3.32 KOMA-Script package (end user interface for scrlayer)
 (/usr/share/texlive/texmf-dist/tex/latex/koma-script/scrlayer.sty
Package: scrlayer 2020/09/21 v3.32 KOMA-Script package (defining layers and page styles)
Package scrlayer Info: Using already defined \footheight
(scrlayer)             hoping, that this is a length and
(scrlayer)             not only a macro on input line 109.
Package scrlayer Info: patching LaTeX kernel macro \pagestyle on input line 2116.
)
Package scrlayer-scrpage Info: Makeing stand-alone element `pagehead' from
(scrlayer-scrpage)             alias to `pageheadfoot' on input line 1085.
Package scrlayer-scrpage Info: deactivating warning for font element
(scrlayer-scrpage)             `pagefoot' on input line 1109.
)
Package scrlayer-scrpage Info: auto-selection of `pagestyleset=KOMA-Script'.

1: section
1: chapter
1: chapter
1: section
(/usr/share/texlive/texmf-dist/tex/latex/wallpaper/wallpaper.sty
Package: wallpaper 2005/01/18, v1.01 easy wallpaper formatting (MHFW)
 (/usr/share/texlive/texmf-dist/tex/latex/base/ifthen.sty
Package: ifthen 2014/09/29 v1.1c Standard LaTeX ifthen package (DPC)
) (/usr/share/texlive/texmf-dist/tex/latex/tools/calc.sty
Package: calc 2017/05/25 v4.3 Infix arithmetic (KKT,FJ)
\calc@Acount=\count192
\calc@Bcount=\count193
\calc@Adimen=\dimen147
\calc@Bdimen=\dimen148
\calc@Askip=\skip64
\calc@Bskip=\skip65
LaTeX Info: Redefining \setlength on input line 80.
LaTeX Info: Redefining \addtolength on input line 81.
\calc@Ccount=\count194
\calc@Cskip=\skip66
) (/usr/share/texlive/texmf-dist/tex/latex/eso-pic/eso-pic.sty
Package: eso-pic 2020/10/14 v3.0a eso-pic (RN)
\ESO@tempdima=\dimen149
\ESO@tempdimb=\dimen150
 (/usr/share/texlive/texmf-dist/tex/latex/xcolor/xcolor.sty
Package: xcolor 2016/05/11 v2.12 LaTeX color extensions (UK)
 (/usr/share/texlive/texmf-dist/tex/latex/graphics-cfg/color.cfg
File: color.cfg 2016/01/02 v1.6 sample color configuration
)
Package xcolor Info: Driver file: pdftex.def on input line 225.
 (/usr/share/texlive/texmf-dist/tex/latex/graphics-def/pdftex.def
File: pdftex.def 2020/10/05 v1.2a Graphics/color driver for pdftex
)
Package xcolor Info: Model `cmy' substituted by `cmy0' on input line 1348.
Package xcolor Info: Model `hsb' substituted by `rgb' on input line 1352.
Package xcolor Info: Model `RGB' extended on input line 1364.
Package xcolor Info: Model `HTML' substituted by `rgb' on input line 1366.
Package xcolor Info: Model `Hsb' substituted by `hsb' on input line 1367.
Package xcolor Info: Model `tHsb' substituted by `hsb' on input line 1368.
Package xcolor Info: Model `HSB' substituted by `hsb' on input line 1369.
Package xcolor Info: Model `Gray' substituted by `gray' on input line 1370.
Package xcolor Info: Model `wave' substituted by `hsb' on input line 1371.
)) (/usr/share/texlive/texmf-dist/tex/latex/graphics/graphicx.sty
Package: graphicx 2020/09/09 v1.2b Enhanced LaTeX Graphics (DPC,SPQR)
 (/usr/share/texlive/texmf-dist/tex/latex/graphics/graphics.sty
Package: graphics 2020/08/30 v1.4c Standard LaTeX Graphics (DPC,SPQR)
 (/usr/share/texlive/texmf-dist/tex/latex/graphics/trig.sty
Package: trig 2016/01/03 v1.10 sin cos tan (DPC)
) (/usr/share/texlive/texmf-dist/tex/latex/graphics-cfg/graphics.cfg
File: graphics.cfg 2016/06/04 v1.11 sample graphics configuration
)
Package graphics Info: Driver file: pdftex.def on input line 105.
)
\Gin@req@height=\dimen151
\Gin@req@width=\dimen152
)
\wpXoffset=\skip67
\wpYoffset=\skip68
\tileXoffset=\skip69
\tileYoffset=\skip70
\tilewidth=\skip71
\tileheight=\skip72
\tileX=\skip73
\tileY=\skip74
) (/usr/share/texlive/texmf-dist/tex/latex/tools/indentfirst.sty
Package: indentfirst 1995/11/23 v1.03 Indent first paragraph (DPC)
) (/usr/share/texlive/texmf-dist/tex/latex/pgfgantt/pgfgantt.sty
Package: pgfgantt 2018/01/10 v5.0 Draw Gantt diagrams with TikZ
 (/usr/share/texlive/texmf-dist/tex/latex/pgf/frontendlayer/tikz.sty (/usr/share/texlive/texmf-dist/tex/latex/pgf/basiclayer/pgf.sty (/usr/share/texlive/texmf-dist/tex/latex/pgf/utilities/pgfrcs.sty (/usr/share/texlive/texmf-dist/tex/generic/pgf/utilities/pgfutil-common.tex
\pgfutil@everybye=\toks17
\pgfutil@tempdima=\dimen153
\pgfutil@tempdimb=\dimen154
 (/usr/share/texlive/texmf-dist/tex/generic/pgf/utilities/pgfutil-common-lists.tex)) (/usr/share/texlive/texmf-dist/tex/generic/pgf/utilities/pgfutil-latex.def
\pgfutil@abb=\box50
) (/usr/share/texlive/texmf-dist/tex/generic/pgf/utilities/pgfrcs.code.tex (/usr/share/texlive/texmf-dist/tex/generic/pgf/pgf.revision.tex)
Package: pgfrcs 2020/12/27 v3.1.8b (3.1.8b)
))
Package: pgf 2020/12/27 v3.1.8b (3.1.8b)
 (/usr/share/texlive/texmf-dist/tex/latex/pgf/basiclayer/pgfcore.sty (/usr/share/texlive/texmf-dist/tex/latex/pgf/systemlayer/pgfsys.sty (/usr/share/texlive/texmf-dist/tex/generic/pgf/systemlayer/pgfsys.code.tex
Package: pgfsys 2020/12/27 v3.1.8b (3.1.8b)
 (/usr/share/texlive/texmf-dist/tex/generic/pgf/utilities/pgfkeys.code.tex
\pgfkeys@pathtoks=\toks18
\pgfkeys@temptoks=\toks19
 (/usr/share/texlive/texmf-dist/tex/generic/pgf/utilities/pgfkeysfiltered.code.tex
\pgfkeys@tmptoks=\toks20
))
\pgf@x=\dimen155
\pgf@y=\dimen156
\pgf@xa=\dimen157
\pgf@ya=\dimen158
\pgf@xb=\dimen159
\pgf@yb=\dimen160
\pgf@xc=\dimen161
\pgf@yc=\dimen162
\pgf@xd=\dimen163
\pgf@yd=\dimen164
\w@pgf@writea=\write3
\r@pgf@reada=\read2
\c@pgf@counta=\count195
\c@pgf@countb=\count196
\c@pgf@countc=\count197
\c@pgf@countd=\count198
\t@pgf@toka=\toks21
\t@pgf@tokb=\toks22
\t@pgf@tokc=\toks23
\pgf@sys@id@count=\count199
 (/usr/share/texlive/texmf-dist/tex/generic/pgf/systemlayer/pgf.cfg
File: pgf.cfg 2020/12/27 v3.1.8b (3.1.8b)
)
Driver file for pgf: pgfsys-pdftex.def
 (/usr/share/texlive/texmf-dist/tex/generic/pgf/systemlayer/pgfsys-pdftex.def
File: pgfsys-pdftex.def 2020/12/27 v3.1.8b (3.1.8b)
 (/usr/share/texlive/texmf-dist/tex/generic/pgf/systemlayer/pgfsys-common-pdf.def
File: pgfsys-common-pdf.def 2020/12/27 v3.1.8b (3.1.8b)
))) (/usr/share/texlive/texmf-dist/tex/generic/pgf/systemlayer/pgfsyssoftpath.code.tex
File: pgfsyssoftpath.code.tex 2020/12/27 v3.1.8b (3.1.8b)
\pgfsyssoftpath@smallbuffer@items=\count266
\pgfsyssoftpath@bigbuffer@items=\count267
) (/usr/share/texlive/texmf-dist/tex/generic/pgf/systemlayer/pgfsysprotocol.code.tex
File: pgfsysprotocol.code.tex 2020/12/27 v3.1.8b (3.1.8b)
)) (/usr/share/texlive/texmf-dist/tex/generic/pgf/basiclayer/pgfcore.code.tex
Package: pgfcore 2020/12/27 v3.1.8b (3.1.8b)
 (/usr/share/texlive/texmf-dist/tex/generic/pgf/math/pgfmath.code.tex (/usr/share/texlive/texmf-dist/tex/generic/pgf/math/pgfmathcalc.code.tex (/usr/share/texlive/texmf-dist/tex/generic/pgf/math/pgfmathutil.code.tex) (/usr/share/texlive/texmf-dist/tex/generic/pgf/math/pgfmathparser.code.tex
\pgfmath@dimen=\dimen165
\pgfmath@count=\count268
\pgfmath@box=\box51
\pgfmath@toks=\toks24
\pgfmath@stack@operand=\toks25
\pgfmath@stack@operation=\toks26
) (/usr/share/texlive/texmf-dist/tex/generic/pgf/math/pgfmathfunctions.code.tex (/usr/share/texlive/texmf-dist/tex/generic/pgf/math/pgfmathfunctions.basic.code.tex) (/usr/share/texlive/texmf-dist/tex/generic/pgf/math/pgfmathfunctions.trigonometric.code.tex) (/usr/share/texlive/texmf-dist/tex/generic/pgf/math/pgfmathfunctions.random.code.tex) (/usr/share/texlive/texmf-dist/tex/generic/pgf/math/pgfmathfunctions.comparison.code.tex) (/usr/share/texlive/texmf-dist/tex/generic/pgf/math/pgfmathfunctions.base.code.tex) (/usr/share/texlive/texmf-dist/tex/generic/pgf/math/pgfmathfunctions.round.code.tex) (/usr/share/texlive/texmf-dist/tex/generic/pgf/math/pgfmathfunctions.misc.code.tex) (/usr/share/texlive/texmf-dist/tex/generic/pgf/math/pgfmathfunctions.integerarithmetics.code.tex))) (/usr/share/texlive/texmf-dist/tex/generic/pgf/math/pgfmathfloat.code.tex
\c@pgfmathroundto@lastzeros=\count269
)) (/usr/share/texlive/texmf-dist/tex/generic/pgf/math/pgfint.code.tex) (/usr/share/texlive/texmf-dist/tex/generic/pgf/basiclayer/pgfcorepoints.code.tex
File: pgfcorepoints.code.tex 2020/12/27 v3.1.8b (3.1.8b)
\pgf@picminx=\dimen166
\pgf@picmaxx=\dimen167
\pgf@picminy=\dimen168
\pgf@picmaxy=\dimen169
\pgf@pathminx=\dimen170
\pgf@pathmaxx=\dimen171
\pgf@pathminy=\dimen172
\pgf@pathmaxy=\dimen173
\pgf@xx=\dimen174
\pgf@xy=\dimen175
\pgf@yx=\dimen176
\pgf@yy=\dimen177
\pgf@zx=\dimen178
\pgf@zy=\dimen179
) (/usr/share/texlive/texmf-dist/tex/generic/pgf/basiclayer/pgfcorepathconstruct.code.tex
File: pgfcorepathconstruct.code.tex 2020/12/27 v3.1.8b (3.1.8b)
\pgf@path@lastx=\dimen180
\pgf@path@lasty=\dimen181
) (/usr/share/texlive/texmf-dist/tex/generic/pgf/basiclayer/pgfcorepathusage.code.tex
File: pgfcorepathusage.code.tex 2020/12/27 v3.1.8b (3.1.8b)
\pgf@shorten@end@additional=\dimen182
\pgf@shorten@start@additional=\dimen183
) (/usr/share/texlive/texmf-dist/tex/generic/pgf/basiclayer/pgfcorescopes.code.tex
File: pgfcorescopes.code.tex 2020/12/27 v3.1.8b (3.1.8b)
\pgfpic=\box52
\pgf@hbox=\box53
\pgf@layerbox@main=\box54
\pgf@picture@serial@count=\count270
) (/usr/share/texlive/texmf-dist/tex/generic/pgf/basiclayer/pgfcoregraphicstate.code.tex
File: pgfcoregraphicstate.code.tex 2020/12/27 v3.1.8b (3.1.8b)
\pgflinewidth=\dimen184
) (/usr/share/texlive/texmf-dist/tex/generic/pgf/basiclayer/pgfcoretransformations.code.tex
File: pgfcoretransformations.code.tex 2020/12/27 v3.1.8b (3.1.8b)
\pgf@pt@x=\dimen185
\pgf@pt@y=\dimen186
\pgf@pt@temp=\dimen187
) (/usr/share/texlive/texmf-dist/tex/generic/pgf/basiclayer/pgfcorequick.code.tex
File: pgfcorequick.code.tex 2020/12/27 v3.1.8b (3.1.8b)
) (/usr/share/texlive/texmf-dist/tex/generic/pgf/basiclayer/pgfcoreobjects.code.tex
File: pgfcoreobjects.code.tex 2020/12/27 v3.1.8b (3.1.8b)
) (/usr/share/texlive/texmf-dist/tex/generic/pgf/basiclayer/pgfcorepathprocessing.code.tex
File: pgfcorepathprocessing.code.tex 2020/12/27 v3.1.8b (3.1.8b)
) (/usr/share/texlive/texmf-dist/tex/generic/pgf/basiclayer/pgfcorearrows.code.tex
File: pgfcorearrows.code.tex 2020/12/27 v3.1.8b (3.1.8b)
\pgfarrowsep=\dimen188
) (/usr/share/texlive/texmf-dist/tex/generic/pgf/basiclayer/pgfcoreshade.code.tex
File: pgfcoreshade.code.tex 2020/12/27 v3.1.8b (3.1.8b)
\pgf@max=\dimen189
\pgf@sys@shading@range@num=\count271
\pgf@shadingcount=\count272
) (/usr/share/texlive/texmf-dist/tex/generic/pgf/basiclayer/pgfcoreimage.code.tex
File: pgfcoreimage.code.tex 2020/12/27 v3.1.8b (3.1.8b)
 (/usr/share/texlive/texmf-dist/tex/generic/pgf/basiclayer/pgfcoreexternal.code.tex
File: pgfcoreexternal.code.tex 2020/12/27 v3.1.8b (3.1.8b)
\pgfexternal@startupbox=\box55
)) (/usr/share/texlive/texmf-dist/tex/generic/pgf/basiclayer/pgfcorelayers.code.tex
File: pgfcorelayers.code.tex 2020/12/27 v3.1.8b (3.1.8b)
) (/usr/share/texlive/texmf-dist/tex/generic/pgf/basiclayer/pgfcoretransparency.code.tex
File: pgfcoretransparency.code.tex 2020/12/27 v3.1.8b (3.1.8b)
) (/usr/share/texlive/texmf-dist/tex/generic/pgf/basiclayer/pgfcorepatterns.code.tex
File: pgfcorepatterns.code.tex 2020/12/27 v3.1.8b (3.1.8b)
) (/usr/share/texlive/texmf-dist/tex/generic/pgf/basiclayer/pgfcorerdf.code.tex
File: pgfcorerdf.code.tex 2020/12/27 v3.1.8b (3.1.8b)
))) (/usr/share/texlive/texmf-dist/tex/generic/pgf/modules/pgfmoduleshapes.code.tex
File: pgfmoduleshapes.code.tex 2020/12/27 v3.1.8b (3.1.8b)
\pgfnodeparttextbox=\box56
) (/usr/share/texlive/texmf-dist/tex/generic/pgf/modules/pgfmoduleplot.code.tex
File: pgfmoduleplot.code.tex 2020/12/27 v3.1.8b (3.1.8b)
) (/usr/share/texlive/texmf-dist/tex/latex/pgf/compatibility/pgfcomp-version-0-65.sty
Package: pgfcomp-version-0-65 2020/12/27 v3.1.8b (3.1.8b)
\pgf@nodesepstart=\dimen190
\pgf@nodesepend=\dimen191
) (/usr/share/texlive/texmf-dist/tex/latex/pgf/compatibility/pgfcomp-version-1-18.sty
Package: pgfcomp-version-1-18 2020/12/27 v3.1.8b (3.1.8b)
)) (/usr/share/texlive/texmf-dist/tex/latex/pgf/utilities/pgffor.sty (/usr/share/texlive/texmf-dist/tex/latex/pgf/utilities/pgfkeys.sty (/usr/share/texlive/texmf-dist/tex/generic/pgf/utilities/pgfkeys.code.tex)) (/usr/share/texlive/texmf-dist/tex/latex/pgf/math/pgfmath.sty (/usr/share/texlive/texmf-dist/tex/generic/pgf/math/pgfmath.code.tex)) (/usr/share/texlive/texmf-dist/tex/generic/pgf/utilities/pgffor.code.tex
Package: pgffor 2020/12/27 v3.1.8b (3.1.8b)
 (/usr/share/texlive/texmf-dist/tex/generic/pgf/math/pgfmath.code.tex)
\pgffor@iter=\dimen192
\pgffor@skip=\dimen193
\pgffor@stack=\toks27
\pgffor@toks=\toks28
)) (/usr/share/texlive/texmf-dist/tex/generic/pgf/frontendlayer/tikz/tikz.code.tex
Package: tikz 2020/12/27 v3.1.8b (3.1.8b)
 (/usr/share/texlive/texmf-dist/tex/generic/pgf/libraries/pgflibraryplothandlers.code.tex
File: pgflibraryplothandlers.code.tex 2020/12/27 v3.1.8b (3.1.8b)
\pgf@plot@mark@count=\count273
\pgfplotmarksize=\dimen194
)
\tikz@lastx=\dimen195
\tikz@lasty=\dimen196
\tikz@lastxsaved=\dimen197
\tikz@lastysaved=\dimen198
\tikz@lastmovetox=\dimen199
\tikz@lastmovetoy=\dimen256
\tikzleveldistance=\dimen257
\tikzsiblingdistance=\dimen258
\tikz@figbox=\box57
\tikz@figbox@bg=\box58
\tikz@tempbox=\box59
\tikz@tempbox@bg=\box60
\tikztreelevel=\count274
\tikznumberofchildren=\count275
\tikznumberofcurrentchild=\count276
\tikz@fig@count=\count277
 (/usr/share/texlive/texmf-dist/tex/generic/pgf/modules/pgfmodulematrix.code.tex
File: pgfmodulematrix.code.tex 2020/12/27 v3.1.8b (3.1.8b)
\pgfmatrixcurrentrow=\count278
\pgfmatrixcurrentcolumn=\count279
\pgf@matrix@numberofcolumns=\count280
)
\tikz@expandcount=\count281
 (/usr/share/texlive/texmf-dist/tex/generic/pgf/frontendlayer/tikz/libraries/tikzlibrarytopaths.code.tex
File: tikzlibrarytopaths.code.tex 2020/12/27 v3.1.8b (3.1.8b)
))) (/usr/share/texlive/texmf-dist/tex/generic/pgf/frontendlayer/tikz/libraries/tikzlibraryarrows.code.tex
File: tikzlibraryarrows.code.tex 2020/12/27 v3.1.8b (3.1.8b)
 (/usr/share/texlive/texmf-dist/tex/generic/pgf/libraries/pgflibraryarrows.code.tex
File: pgflibraryarrows.code.tex 2020/12/27 v3.1.8b (3.1.8b)
\arrowsize=\dimen259
)) (/usr/share/texlive/texmf-dist/tex/generic/pgf/frontendlayer/tikz/libraries/tikzlibrarybackgrounds.code.tex
File: tikzlibrarybackgrounds.code.tex 2020/12/27 v3.1.8b (3.1.8b)
\pgf@layerbox@background=\box61
\pgf@layerboxsaved@background=\box62
) (/usr/share/texlive/texmf-dist/tex/generic/pgf/frontendlayer/tikz/libraries/tikzlibrarycalc.code.tex
File: tikzlibrarycalc.code.tex 2020/12/27 v3.1.8b (3.1.8b)
) (/usr/share/texlive/texmf-dist/tex/generic/pgf/frontendlayer/tikz/libraries/tikzlibrarypatterns.code.tex
File: tikzlibrarypatterns.code.tex 2020/12/27 v3.1.8b (3.1.8b)
 (/usr/share/texlive/texmf-dist/tex/generic/pgf/libraries/pgflibrarypatterns.code.tex
File: pgflibrarypatterns.code.tex 2020/12/27 v3.1.8b (3.1.8b)
)) (/usr/share/texlive/texmf-dist/tex/generic/pgf/frontendlayer/tikz/libraries/tikzlibrarypositioning.code.tex
File: tikzlibrarypositioning.code.tex 2020/12/27 v3.1.8b (3.1.8b)
) (/usr/share/texlive/texmf-dist/tex/generic/pgf/frontendlayer/tikz/libraries/tikzlibraryshapes.geometric.code.tex
File: tikzlibraryshapes.geometric.code.tex 2020/12/27 v3.1.8b (3.1.8b)
 (/usr/share/texlive/texmf-dist/tex/generic/pgf/libraries/shapes/pgflibraryshapes.geometric.code.tex
File: pgflibraryshapes.geometric.code.tex 2020/12/27 v3.1.8b (3.1.8b)
)) (/usr/share/texlive/texmf-dist/tex/latex/pgf/utilities/pgfcalendar.sty (/usr/share/texlive/texmf-dist/tex/generic/pgf/utilities/pgfcalendar.code.tex
File: pgfcalendar.code.tex 2020/12/27 v3.1.8b (3.1.8b)
 (/usr/share/texlive/texmf-dist/tex/generic/pgf/math/pgfint.code.tex)
\pgfcalendarcurrentjulian=\count282
\pgf@cal@easter@Y=\count283
\pgf@cal@easter@G=\count284
\pgf@cal@easter@C=\count285
\pgf@cal@easter@X=\count286
\pgf@cal@easter@Z=\count287
\pgf@cal@easter@D=\count288
\pgf@cal@easter@E=\count289
\pgf@cal@easter@N=\count290
\pgf@cal@easter@M=\count291
\pgf@cal@easter@julianday=\count292
))
\gtt@currentline=\count293
\gtt@lasttitleline=\count294
\gtt@currgrid=\count295
\gtt@chartwidth=\count296
\gtt@lasttitleslot=\count297
\gtt@elementid=\count298
\gtt@today@slot=\count299
\gtt@startjulian=\count300
\gtt@endjulian=\count301
\gtt@chartid=\count302
\gtt@vrule@slot=\count303
\gtt@calendar@slots=\count304
\gtt@calendar@weeknumber=\count305
\gtt@calendar@startofweek=\count306
\gtt@left@slot=\count307
\gtt@right@slot=\count308
) (/usr/share/texlive/texmf-dist/tex/latex/float/float.sty
Package: float 2001/11/08 v1.3d Float enhancements (AL)
\c@float@type=\count309
\float@exts=\toks29
\float@box=\box63
\@float@everytoks=\toks30
\@floatcapt=\box64
)
Package scrhack Info: loading float hack on input line 13.
 (/usr/share/texlive/texmf-dist/tex/latex/koma-script/float.hak
File: float.hak 2020/09/21 v3.32 KOMA-Script scrhack part (hacking package float)
Package scrhack Info: redefining \newfloat on input line 163.
Package scrhack Info: redefining \listof on input line 163.
Package scrhack Info: undefining \float@addtolists on input line 163.
) (/usr/share/texlive/texmf-dist/tex/latex/csquotes/csquotes.sty
Package: csquotes 2021-01-04 v5.2k context-sensitive quotations (JAW)
\csq@reset=\count310
\csq@gtype=\count311
\csq@glevel=\count312
\csq@qlevel=\count313
\csq@maxlvl=\count314
\csq@tshold=\count315
\csq@ltx@everypar=\toks31
 (/usr/share/texlive/texmf-dist/tex/latex/csquotes/csquotes.def
File: csquotes.def 2021-01-04 v5.2k csquotes generic definitions (JAW)
)
Package csquotes Info: Trying to load configuration file 'csquotes.cfg'...
Package csquotes Info: ... configuration file loaded successfully.
 (/usr/share/texlive/texmf-dist/tex/latex/csquotes/csquotes.cfg
File: csquotes.cfg 
)) (/usr/share/texlive/texmf-dist/tex/latex/tcolorbox/tcolorbox.sty
Package: tcolorbox 2020/10/09 version 4.42 text color boxes
 (/usr/share/texlive/texmf-dist/tex/latex/tools/verbatim.sty
Package: verbatim 2020-07-07 v1.5u LaTeX2e package for verbatim enhancements
\every@verbatim=\toks32
\verbatim@line=\toks33
\verbatim@in@stream=\read3
) (/usr/share/texlive/texmf-dist/tex/latex/environ/environ.sty
Package: environ 2014/05/04 v0.3 A new way to define environments
 (/usr/share/texlive/texmf-dist/tex/latex/trimspaces/trimspaces.sty
Package: trimspaces 2009/09/17 v1.1 Trim spaces around a token list
)
\@envbody=\toks34
)
\tcb@titlebox=\box65
\tcb@upperbox=\box66
\tcb@lowerbox=\box67
\tcb@phantombox=\box68
\c@tcbbreakpart=\count316
\c@tcblayer=\count317
\c@tcolorbox@number=\count318
\tcb@temp=\box69
\tcb@temp=\box70
\tcb@temp=\box71
\tcb@temp=\box72
\tcb@out=\write4
\tcb@record@out=\write5
)
Package scrhack Info: hyperref hack deactivated because of
(scrhack)             detection of KOMA-Script class, that doesn't
(scrhack)             need that hack, on input line 17.
 (/usr/share/texlive/texmf-dist/tex/latex/hyperref/hyperref.sty
Package: hyperref 2020-05-15 v7.00e Hypertext links for LaTeX
 (/usr/share/texlive/texmf-dist/tex/generic/ltxcmds/ltxcmds.sty
Package: ltxcmds 2020-05-10 v1.25 LaTeX kernel commands for general use (HO)
) (/usr/share/texlive/texmf-dist/tex/generic/pdftexcmds/pdftexcmds.sty
Package: pdftexcmds 2020-06-27 v0.33 Utility functions of pdfTeX for LuaTeX (HO)
 (/usr/share/texlive/texmf-dist/tex/generic/infwarerr/infwarerr.sty
Package: infwarerr 2019/12/03 v1.5 Providing info/warning/error messages (HO)
)
Package pdftexcmds Info: \pdf@primitive is available.
Package pdftexcmds Info: \pdf@ifprimitive is available.
Package pdftexcmds Info: \pdfdraftmode found.
) (/usr/share/texlive/texmf-dist/tex/generic/kvsetkeys/kvsetkeys.sty
Package: kvsetkeys 2019/12/15 v1.18 Key value parser (HO)
) (/usr/share/texlive/texmf-dist/tex/generic/kvdefinekeys/kvdefinekeys.sty
Package: kvdefinekeys 2019-12-19 v1.6 Define keys (HO)
) (/usr/share/texlive/texmf-dist/tex/generic/pdfescape/pdfescape.sty
Package: pdfescape 2019/12/09 v1.15 Implements pdfTeX's escape features (HO)
) (/usr/share/texlive/texmf-dist/tex/latex/hycolor/hycolor.sty
Package: hycolor 2020-01-27 v1.10 Color options for hyperref/bookmark (HO)
) (/usr/share/texlive/texmf-dist/tex/latex/letltxmacro/letltxmacro.sty
Package: letltxmacro 2019/12/03 v1.6 Let assignment for LaTeX macros (HO)
) (/usr/share/texlive/texmf-dist/tex/latex/auxhook/auxhook.sty
Package: auxhook 2019-12-17 v1.6 Hooks for auxiliary files (HO)
) (/usr/share/texlive/texmf-dist/tex/latex/kvoptions/kvoptions.sty
Package: kvoptions 2020-10-07 v3.14 Key value format for package options (HO)
)
\@linkdim=\dimen260
\Hy@linkcounter=\count319
\Hy@pagecounter=\count320
 (/usr/share/texlive/texmf-dist/tex/latex/hyperref/pd1enc.def
File: pd1enc.def 2020-05-15 v7.00e Hyperref: PDFDocEncoding definition (HO)
Now handling font encoding PD1 ...
... no UTF-8 mapping file for font encoding PD1
) (/usr/share/texlive/texmf-dist/tex/generic/intcalc/intcalc.sty
Package: intcalc 2019/12/15 v1.3 Expandable calculations with integers (HO)
) (/usr/share/texlive/texmf-dist/tex/generic/etexcmds/etexcmds.sty
Package: etexcmds 2019/12/15 v1.7 Avoid name clashes with e-TeX commands (HO)
)
\Hy@SavedSpaceFactor=\count321
Package hyperref Info: Hyper figures OFF on input line 4464.
Package hyperref Info: Link nesting OFF on input line 4469.
Package hyperref Info: Hyper index ON on input line 4472.
Package hyperref Info: Plain pages OFF on input line 4479.
Package hyperref Info: Backreferencing OFF on input line 4484.
Package hyperref Info: Implicit mode ON; LaTeX internals redefined.
Package hyperref Info: Bookmarks ON on input line 4717.
\c@Hy@tempcnt=\count322
 (/usr/share/texlive/texmf-dist/tex/latex/url/url.sty
\Urlmuskip=\muskip16
Package: url 2013/09/16  ver 3.4  Verb mode for urls, etc.
)
LaTeX Info: Redefining \url on input line 5076.
\XeTeXLinkMargin=\dimen261
 (/usr/share/texlive/texmf-dist/tex/generic/bitset/bitset.sty
Package: bitset 2019/12/09 v1.3 Handle bit-vector datatype (HO)
 (/usr/share/texlive/texmf-dist/tex/generic/bigintcalc/bigintcalc.sty
Package: bigintcalc 2019/12/15 v1.5 Expandable calculations on big integers (HO)
))
\Fld@menulength=\count323
\Field@Width=\dimen262
\Fld@charsize=\dimen263
Package hyperref Info: Hyper figures OFF on input line 6347.
Package hyperref Info: Link nesting OFF on input line 6352.
Package hyperref Info: Hyper index ON on input line 6355.
Package hyperref Info: backreferencing OFF on input line 6362.
Package hyperref Info: Link coloring OFF on input line 6367.
Package hyperref Info: Link coloring with OCG OFF on input line 6372.
Package hyperref Info: PDF/A mode OFF on input line 6377.
LaTeX Info: Redefining \ref on input line 6417.
LaTeX Info: Redefining \pageref on input line 6421.
 (/usr/share/texlive/texmf-dist/tex/latex/base/atbegshi-ltx.sty
Package: atbegshi-ltx 2020/08/17 v1.0a Emulation of the original atbegshi package
with kernel methods
)
\Hy@abspage=\count324
\c@Item=\count325
\c@Hfootnote=\count326
)
Package hyperref Info: Driver (autodetected): hpdftex.
 (/usr/share/texlive/texmf-dist/tex/latex/hyperref/hpdftex.def
File: hpdftex.def 2020-05-15 v7.00e Hyperref driver for pdfTeX
 (/usr/share/texlive/texmf-dist/tex/latex/base/atveryend-ltx.sty
Package: atveryend-ltx 2020/08/19 v1.0a Emulation of the original atvery package
with kernel methods
)
\Fld@listcount=\count327
\c@bookmark@seq@number=\count328
 (/usr/share/texlive/texmf-dist/tex/latex/rerunfilecheck/rerunfilecheck.sty
Package: rerunfilecheck 2019/12/05 v1.9 Rerun checks for auxiliary files (HO)
 (/usr/share/texlive/texmf-dist/tex/generic/uniquecounter/uniquecounter.sty
Package: uniquecounter 2019/12/15 v1.4 Provide unlimited unique counter (HO)
)
Package uniquecounter Info: New unique counter `rerunfilecheck' on input line 286.
)
\Hy@SectionHShift=\skip75
) (/usr/share/texlive/texmf-dist/tex/latex/apacite/apacite.sty
Package: apacite 2013/07/21 v6.03 APA citation
\c@BibCnt=\count329
\bibleftmargin=\skip76
\bibindent=\skip77
\bibparsep=\skip78
\bibitemsep=\skip79
\biblabelsep=\skip80
) (/usr/share/texlive/texmf-dist/tex/latex/natbib/natbib.sty
Package: natbib 2010/09/13 8.31b (PWD, AO)
\bibhang=\skip81
\bibsep=\skip82
LaTeX Info: Redefining \cite on input line 694.
LaTeX Info: Redefining \citeauthor on input line 712.
LaTeX Info: Redefining \citeyear on input line 735.
\c@NAT@ctr=\count330
)) (/usr/share/texlive/texmf-dist/tex/latex/breakcites/breakcites.sty)
Package csquotes Info: Checking for multilingual support...
Package csquotes Info: ... none found.
 (/home/alejomaf/Documents/Inventarium/documentacion/build/main.aux)
\openout1 = `main.aux'.

LaTeX Font Info:    Checking defaults for OML/cmm/m/it on input line 10.
LaTeX Font Info:    ... okay on input line 10.
LaTeX Font Info:    Checking defaults for OMS/cmsy/m/n on input line 10.
LaTeX Font Info:    ... okay on input line 10.
LaTeX Font Info:    Checking defaults for OT1/cmr/m/n on input line 10.
LaTeX Font Info:    ... okay on input line 10.
LaTeX Font Info:    Checking defaults for T1/cmr/m/n on input line 10.
LaTeX Font Info:    ... okay on input line 10.
LaTeX Font Info:    Checking defaults for TS1/cmr/m/n on input line 10.
LaTeX Font Info:    ... okay on input line 10.
LaTeX Font Info:    Checking defaults for OMX/cmex/m/n on input line 10.
LaTeX Font Info:    ... okay on input line 10.
LaTeX Font Info:    Checking defaults for U/cmr/m/n on input line 10.
LaTeX Font Info:    ... okay on input line 10.
LaTeX Font Info:    Checking defaults for PD1/pdf/m/n on input line 10.
LaTeX Font Info:    ... okay on input line 10.
Package scrbase Info: activating english \contentsname on input line 10.
Package scrbase Info: activating english \listfigurename on input line 10.
Package scrbase Info: activating english \listtablename on input line 10.

*geometry* driver: auto-detecting
*geometry* detected driver: pdftex
*geometry* verbose mode - [ preamble ] result:
* driver: pdftex
* paper: a4paper
* layout: <same size as paper>
* layoutoffset:(h,v)=(0.0pt,0.0pt)
* modes: twoside 
* h-part:(L,W,R)=(71.13188pt, 455.24411pt, 71.13188pt)
* v-part:(T,H,B)=(71.13188pt, 702.78308pt, 71.13188pt)
* \paperwidth=597.50787pt
* \paperheight=845.04684pt
* \textwidth=455.24411pt
* \textheight=702.78308pt
* \oddsidemargin=-1.1381pt
* \evensidemargin=-1.1381pt
* \topmargin=-38.53812pt
* \headheight=17.0pt
* \headsep=20.40001pt
* \topskip=11.0pt
* \footskip=47.6pt
* \marginparwidth=89.62619pt
* \marginparsep=12.8401pt
* \columnsep=10.0pt
* \skip\footins=10.0pt plus 4.0pt minus 2.0pt
* \hoffset=0.0pt
* \voffset=0.0pt
* \mag=1000
* \@twocolumnfalse
* \@twosidetrue
* \@mparswitchtrue
* \@reversemarginfalse
* (1in=72.27pt=25.4mm, 1cm=28.453pt)

(/usr/share/texlive/texmf-dist/tex/context/base/mkii/supp-pdf.mkii
[Loading MPS to PDF converter (version 2006.09.02).]
\scratchcounter=\count331
\scratchdimen=\dimen264
\scratchbox=\box73
\nofMPsegments=\count332
\nofMParguments=\count333
\everyMPshowfont=\toks35
\MPscratchCnt=\count334
\MPscratchDim=\dimen265
\MPnumerator=\count335
\makeMPintoPDFobject=\count336
\everyMPtoPDFconversion=\toks36
) (/usr/share/texlive/texmf-dist/tex/latex/epstopdf-pkg/epstopdf-base.sty
Package: epstopdf-base 2020-01-24 v2.11 Base part for package epstopdf
Package epstopdf-base Info: Redefining graphics rule for `.eps' on input line 485.
 (/usr/share/texlive/texmf-dist/tex/latex/latexconfig/epstopdf-sys.cfg
File: epstopdf-sys.cfg 2010/07/13 v1.3 Configuration of (r)epstopdf for TeX Live
))
Package hyperref Info: Link coloring OFF on input line 10.
 (/usr/share/texlive/texmf-dist/tex/latex/hyperref/nameref.sty
Package: nameref 2019/09/16 v2.46 Cross-referencing by name of section
 (/usr/share/texlive/texmf-dist/tex/latex/refcount/refcount.sty
Package: refcount 2019/12/15 v3.6 Data extraction from label references (HO)
) (/usr/share/texlive/texmf-dist/tex/generic/gettitlestring/gettitlestring.sty
Package: gettitlestring 2019/12/15 v1.6 Cleanup title references (HO)
)
\c@section@level=\count337
)
LaTeX Info: Redefining \ref on input line 10.
LaTeX Info: Redefining \pageref on input line 10.
LaTeX Info: Redefining \nameref on input line 10.
 (/home/alejomaf/Documents/Inventarium/documentacion/build/main.out) (/home/alejomaf/Documents/Inventarium/documentacion/build/main.out)
\@outlinefile=\write6
\openout6 = `main.out'.

Class scrbook Info: loading recommended package `bookmark'.
(scrbook)           Using `bookmark' together with `hyperref' is recommended,
(scrbook)           because of handling of possible bookmark level gaps.
(scrbook)           You can avoid loading `bookmark' with KOMA-Script option
(scrbook)           `bookmarkpackage=false' before \begin{document} and
(scrbook)           you can avoid this message adding:
(scrbook)             \usepackage{bookmark}
(scrbook)           before \begin{document} on input line 10.
 (/usr/share/texlive/texmf-dist/tex/latex/bookmark/bookmark.sty
Package: bookmark 2020-11-06 v1.29 PDF bookmarks (HO)
 (/usr/share/texlive/texmf-dist/tex/latex/bookmark/bkm-pdftex.def
File: bkm-pdftex.def 2020-11-06 v1.29 bookmark driver for pdfTeX (HO)
\BKM@id=\count338
))
\c@maskedRefs=\count339
 (/usr/share/texlive/texmf-dist/tex/latex/apacite/english.apc
File: english.apc 2013/07/21 v6.03 apacite language file
LaTeX Info: Redefining \BPBI on input line 129.
LaTeX Info: Redefining \BHBI on input line 130.
)
*geometry* verbose mode - [ newgeometry ] result:
* driver: pdftex
* paper: a4paper
* layout: <same size as paper>
* layoutoffset:(h,v)=(0.0pt,0.0pt)
* modes: twoside 
* h-part:(L,W,R)=(0.0pt, 597.50787pt, 0.0pt)
* v-part:(T,H,B)=(0.0pt, 845.04684pt, 0.0pt)
* \paperwidth=597.50787pt
* \paperheight=845.04684pt
* \textwidth=597.50787pt
* \textheight=845.04684pt
* \oddsidemargin=-72.26999pt
* \evensidemargin=-72.26999pt
* \topmargin=-109.67pt
* \headheight=17.0pt
* \headsep=20.40001pt
* \topskip=11.0pt
* \footskip=47.6pt
* \marginparwidth=89.62619pt
* \marginparsep=12.8401pt
* \columnsep=10.0pt
* \skip\footins=10.0pt plus 4.0pt minus 2.0pt
* \hoffset=0.0pt
* \voffset=0.0pt
* \mag=1000
* \@twocolumnfalse
* \@twosidetrue
* \@mparswitchtrue
* \@reversemarginfalse
* (1in=72.27pt=25.4mm, 1cm=28.453pt)



pdfTeX warning: pdflatex (file ./portada_y_contraportada/1-PortadaTFG.pdf): PDF inclusion: found PDF version <1.7>, but at most version <1.5> allowed
<portada_y_contraportada/1-PortadaTFG.pdf, id=7, 597.55246pt x 845.19763pt>
File: portada_y_contraportada/1-PortadaTFG.pdf Graphic file (type pdf)
<use portada_y_contraportada/1-PortadaTFG.pdf>
Package pdftex.def Info: portada_y_contraportada/1-PortadaTFG.pdf  used on input line 19.
(pdftex.def)             Requested size: 597.551pt x 845.19557pt.
[1




 <./portada_y_contraportada/1-PortadaTFG.pdf>]
*geometry* verbose mode - [ newgeometry ] result:
* driver: pdftex
* paper: a4paper
* layout: <same size as paper>
* layoutoffset:(h,v)=(0.0pt,0.0pt)
* modes: twoside 
* h-part:(L,W,R)=(0.0pt, 597.50787pt, 0.0pt)
* v-part:(T,H,B)=(0.0pt, 845.04684pt, 0.0pt)
* \paperwidth=597.50787pt
* \paperheight=845.04684pt
* \textwidth=597.50787pt
* \textheight=845.04684pt
* \oddsidemargin=-72.26999pt
* \evensidemargin=-72.26999pt
* \topmargin=-109.67pt
* \headheight=17.0pt
* \headsep=20.40001pt
* \topskip=11.0pt
* \footskip=47.6pt
* \marginparwidth=89.62619pt
* \marginparsep=12.8401pt
* \columnsep=10.0pt
* \skip\footins=10.0pt plus 4.0pt minus 2.0pt
* \hoffset=0.0pt
* \voffset=0.0pt
* \mag=1000
* \@twocolumnfalse
* \@twosidetrue
* \@mparswitchtrue
* \@reversemarginfalse
* (1in=72.27pt=25.4mm, 1cm=28.453pt)

LaTeX Font Info:    External font `cmex10' loaded for size
(Font)              <10.95> on input line 23.
LaTeX Font Info:    External font `cmex10' loaded for size
(Font)              <8> on input line 23.
LaTeX Font Info:    External font `cmex10' loaded for size
(Font)              <6> on input line 23.


pdfTeX warning: pdflatex (file ./portada_y_contraportada/2-ContraportadaTFG.pdf): PDF inclusion: found PDF version <1.7>, but at most version <1.5> allowed
<portada_y_contraportada/2-ContraportadaTFG.pdf, id=39, 597.55246pt x 845.19763pt>
File: portada_y_contraportada/2-ContraportadaTFG.pdf Graphic file (type pdf)
<use portada_y_contraportada/2-ContraportadaTFG.pdf>
Package pdftex.def Info: portada_y_contraportada/2-ContraportadaTFG.pdf  used on input line 23.
(pdftex.def)             Requested size: 597.551pt x 845.19557pt.
[2

{/var/lib/texmf/fonts/map/pdftex/updmap/pdftex.map} <./portada_y_contraportada/2-ContraportadaTFG.pdf>] (/home/alejomaf/Documents/Inventarium/documentacion/build/main.toc [3


] [4])
\tf@toc=\write7
\openout7 = `main.toc'.

 [5] [6


] (/home/alejomaf/Documents/Inventarium/documentacion/build/main.lof)
\tf@lof=\write8
\openout8 = `main.lof'.

 (./capitulos/introduccion.tex [7] [8


]
chapter 1.

Underfull \hbox (badness 10000) in paragraph at lines 7--15

 []


Underfull \hbox (badness 10000) in paragraph at lines 7--15

 []

[9] [10] (./diagramas/cronograma_inicial.tex)
Overfull \hbox (10.96379pt too wide) in paragraph at lines 5--62
[][]
 []


Underfull \hbox (badness 10000) in paragraph at lines 5--62

 []

[11]) (./capitulos/herramientas_utilizadas.tex [12]
chapter 2.
[13


] [14] [15] [16]) (./capitulos/desarrollo_fases_proyecto/desarrollo_fases_proyecto.tex
Underfull \hbox (badness 10000) in paragraph at lines 112--1

 []

[17] [18


]
chapter 3.
(./capitulos/desarrollo_fases_proyecto/1_reuniones_iniciales.tex
<imagenes/estructura_y_desarrollo//db_old_design.png, id=415, 1055.945pt x 579.16376pt>
File: imagenes/estructura_y_desarrollo//db_old_design.png Graphic file (type png)
<use imagenes/estructura_y_desarrollo//db_old_design.png>
Package pdftex.def Info: imagenes/estructura_y_desarrollo//db_old_design.png  used on input line 12.
(pdftex.def)             Requested size: 455.23982pt x 249.68951pt.
 [19]
<imagenes/estructura_y_desarrollo//flujo_de_navegacion.png, id=423, 1559.8275pt x 653.44125pt>
File: imagenes/estructura_y_desarrollo//flujo_de_navegacion.png Graphic file (type png)
<use imagenes/estructura_y_desarrollo//flujo_de_navegacion.png>
Package pdftex.def Info: imagenes/estructura_y_desarrollo//flujo_de_navegacion.png  used on input line 27.
(pdftex.def)             Requested size: 455.24213pt x 190.70953pt.
<imagenes/estructura_y_desarrollo//../../diagramas/visual_paradigm/funcionamiento_principal.jpg, id=425, 884.30376pt x 430.60875pt>
File: imagenes/estructura_y_desarrollo//../../diagramas/visual_paradigm/funcionamiento_principal.jpg Graphic file (type jpg)
<use imagenes/estructura_y_desarrollo//../../diagramas/visual_paradigm/funcionamiento_principal.jpg>
Package pdftex.def Info: imagenes/estructura_y_desarrollo//../../diagramas/visual_paradigm/funcionamiento_principal.jpg  used on input line 32.
(pdftex.def)             Requested size: 455.25285pt x 221.68384pt.
<imagenes/estructura_y_desarrollo//web_design_adobe_xd/inicio_de_sesion.png, id=426, 361.35pt x 642.4pt>
File: imagenes/estructura_y_desarrollo//web_design_adobe_xd/inicio_de_sesion.png Graphic file (type png)
<use imagenes/estructura_y_desarrollo//web_design_adobe_xd/inicio_de_sesion.png>
Package pdftex.def Info: imagenes/estructura_y_desarrollo//web_design_adobe_xd/inicio_de_sesion.png  used on input line 43.
(pdftex.def)             Requested size: 108.40584pt x 192.72148pt.
<imagenes/estructura_y_desarrollo//web_design_adobe_xd/registro.png, id=427, 361.35pt x 969.6225pt>
File: imagenes/estructura_y_desarrollo//web_design_adobe_xd/registro.png Graphic file (type png)
<use imagenes/estructura_y_desarrollo//web_design_adobe_xd/registro.png>
Package pdftex.def Info: imagenes/estructura_y_desarrollo//web_design_adobe_xd/registro.png  used on input line 44.
(pdftex.def)             Requested size: 108.40584pt x 290.88899pt.

Underfull \vbox (badness 10000) has occurred while \output is active []

 [20 <./imagenes/estructura_y_desarrollo//db_old_design.png>] [21 <./imagenes/estructura_y_desarrollo//flujo_de_navegacion.png> <./imagenes/estructura_y_desarrollo//../../diagramas/visual_paradigm/funcionamiento_principal.jpg>]
<imagenes/estructura_y_desarrollo//web_design_adobe_xd/menu_principal.png, id=437, 361.35pt x 642.4pt>
File: imagenes/estructura_y_desarrollo//web_design_adobe_xd/menu_principal.png Graphic file (type png)
<use imagenes/estructura_y_desarrollo//web_design_adobe_xd/menu_principal.png>
Package pdftex.def Info: imagenes/estructura_y_desarrollo//web_design_adobe_xd/menu_principal.png  used on input line 68.
(pdftex.def)             Requested size: 180.67456pt x 321.19922pt.
 [22 <./imagenes/estructura_y_desarrollo//web_design_adobe_xd/inicio_de_sesion.png> <./imagenes/estructura_y_desarrollo//web_design_adobe_xd/registro.png>]
<imagenes/estructura_y_desarrollo//web_design_adobe_xd/add_fungible.png, id=444, 361.35pt x 1041.8925pt>
File: imagenes/estructura_y_desarrollo//web_design_adobe_xd/add_fungible.png Graphic file (type png)
<use imagenes/estructura_y_desarrollo//web_design_adobe_xd/add_fungible.png>
Package pdftex.def Info: imagenes/estructura_y_desarrollo//web_design_adobe_xd/add_fungible.png  used on input line 87.
(pdftex.def)             Requested size: 144.53743pt x 416.74962pt.
<imagenes/estructura_y_desarrollo//web_design_adobe_xd/add_inventario.png, id=445, 361.35pt x 1367.1075pt>
File: imagenes/estructura_y_desarrollo//web_design_adobe_xd/add_inventario.png Graphic file (type png)
<use imagenes/estructura_y_desarrollo//web_design_adobe_xd/add_inventario.png>
Package pdftex.def Info: imagenes/estructura_y_desarrollo//web_design_adobe_xd/add_inventario.png  used on input line 88.
(pdftex.def)             Requested size: 144.53743pt x 546.83331pt.

Underfull \vbox (badness 10000) has occurred while \output is active []

 [23 <./imagenes/estructura_y_desarrollo//web_design_adobe_xd/menu_principal.png>] [24 <./imagenes/estructura_y_desarrollo//web_design_adobe_xd/add_fungible.png> <./imagenes/estructura_y_desarrollo//web_design_adobe_xd/add_inventario.png>]
<imagenes/estructura_y_desarrollo//jerarquia_grupo_objetos.png, id=457, 777.90625pt x 310.15875pt>
File: imagenes/estructura_y_desarrollo//jerarquia_grupo_objetos.png Graphic file (type png)
<use imagenes/estructura_y_desarrollo//jerarquia_grupo_objetos.png>
Package pdftex.def Info: imagenes/estructura_y_desarrollo//jerarquia_grupo_objetos.png  used on input line 100.
(pdftex.def)             Requested size: 777.90434pt x 310.15799pt.
<imagenes/estructura_y_desarrollo//web_design_adobe_xd/grupo_objetos.png, id=458, 361.35pt x 720.6925pt>
File: imagenes/estructura_y_desarrollo//web_design_adobe_xd/grupo_objetos.png Graphic file (type png)
<use imagenes/estructura_y_desarrollo//web_design_adobe_xd/grupo_objetos.png>
Package pdftex.def Info: imagenes/estructura_y_desarrollo//web_design_adobe_xd/grupo_objetos.png  used on input line 110.
(pdftex.def)             Requested size: 108.40584pt x 216.20941pt.
<imagenes/estructura_y_desarrollo//web_design_adobe_xd/objeto_disponible.png, id=459, 361.35pt x 642.4pt>
File: imagenes/estructura_y_desarrollo//web_design_adobe_xd/objeto_disponible.png Graphic file (type png)
<use imagenes/estructura_y_desarrollo//web_design_adobe_xd/objeto_disponible.png>
Package pdftex.def Info: imagenes/estructura_y_desarrollo//web_design_adobe_xd/objeto_disponible.png  used on input line 111.
(pdftex.def)             Requested size: 108.40584pt x 192.72148pt.
<imagenes/estructura_y_desarrollo//web_design_adobe_xd/usuarios_buscados.png, id=460, 376.40625pt x 669.50125pt>
File: imagenes/estructura_y_desarrollo//web_design_adobe_xd/usuarios_buscados.png Graphic file (type png)
<use imagenes/estructura_y_desarrollo//web_design_adobe_xd/usuarios_buscados.png>
Package pdftex.def Info: imagenes/estructura_y_desarrollo//web_design_adobe_xd/usuarios_buscados.png  used on input line 121.
(pdftex.def)             Requested size: 112.92273pt x 200.85191pt.
<imagenes/estructura_y_desarrollo//web_design_adobe_xd/usuario.png, id=461, 376.40625pt x 669.50125pt>
File: imagenes/estructura_y_desarrollo//web_design_adobe_xd/usuario.png Graphic file (type png)
<use imagenes/estructura_y_desarrollo//web_design_adobe_xd/usuario.png>
Package pdftex.def Info: imagenes/estructura_y_desarrollo//web_design_adobe_xd/usuario.png  used on input line 122.
(pdftex.def)             Requested size: 112.92273pt x 200.85191pt.
 [25 <./imagenes/estructura_y_desarrollo//jerarquia_grupo_objetos.png> <./imagenes/estructura_y_desarrollo//web_design_adobe_xd/grupo_objetos.png> <./imagenes/estructura_y_desarrollo//web_design_adobe_xd/objeto_disponible.png>]
<imagenes/estructura_y_desarrollo//web_design_adobe_xd/solicitar_prestamo.png, id=471, 386.44376pt x 463.7325pt>
File: imagenes/estructura_y_desarrollo//web_design_adobe_xd/solicitar_prestamo.png Graphic file (type png)
<use imagenes/estructura_y_desarrollo//web_design_adobe_xd/solicitar_prestamo.png>
Package pdftex.def Info: imagenes/estructura_y_desarrollo//web_design_adobe_xd/solicitar_prestamo.png  used on input line 142.
(pdftex.def)             Requested size: 115.93402pt x 139.12082pt.
 [26 <./imagenes/estructura_y_desarrollo//web_design_adobe_xd/usuarios_buscados.png> <./imagenes/estructura_y_desarrollo//web_design_adobe_xd/usuario.png> <./imagenes/estructura_y_desarrollo//web_design_adobe_xd/solicitar_prestamo.png>]
<imagenes/estructura_y_desarrollo//web_design_adobe_xd/ver_configuracion.png, id=479, 361.35pt x 642.4pt>
File: imagenes/estructura_y_desarrollo//web_design_adobe_xd/ver_configuracion.png Graphic file (type png)
<use imagenes/estructura_y_desarrollo//web_design_adobe_xd/ver_configuracion.png>
Package pdftex.def Info: imagenes/estructura_y_desarrollo//web_design_adobe_xd/ver_configuracion.png  used on input line 152.
(pdftex.def)             Requested size: 126.4744pt x 224.84337pt.
<imagenes/estructura_y_desarrollo//web_design_adobe_xd/crear_configuracion.png, id=480, 361.35pt x 900.36375pt>
File: imagenes/estructura_y_desarrollo//web_design_adobe_xd/crear_configuracion.png Graphic file (type png)
<use imagenes/estructura_y_desarrollo//web_design_adobe_xd/crear_configuracion.png>
Package pdftex.def Info: imagenes/estructura_y_desarrollo//web_design_adobe_xd/crear_configuracion.png  used on input line 153.
(pdftex.def)             Requested size: 108.40584pt x 270.1112pt.
) (./capitulos/desarrollo_fases_proyecto/2_planificacion_y_elaboracion.tex [27 <./imagenes/estructura_y_desarrollo//web_design_adobe_xd/ver_configuracion.png> <./imagenes/estructura_y_desarrollo//web_design_adobe_xd/crear_configuracion.png>] [28]) (./capitulos/desarrollo_fases_proyecto/3_preparacion_entorno_trabajo.tex
<imagenes/estructura_y_desarrollo//preparacion_entorno/pagina_principal_github.png, id=510, 1445.4pt x 727.71875pt>
File: imagenes/estructura_y_desarrollo//preparacion_entorno/pagina_principal_github.png Graphic file (type png)
<use imagenes/estructura_y_desarrollo//preparacion_entorno/pagina_principal_github.png>
Package pdftex.def Info: imagenes/estructura_y_desarrollo//preparacion_entorno/pagina_principal_github.png  used on input line 19.
(pdftex.def)             Requested size: 433.62335pt x 218.3173pt.
 [29 <./imagenes/estructura_y_desarrollo//preparacion_entorno/pagina_principal_github.png>]
<imagenes/estructura_y_desarrollo//preparacion_entorno/creando_nuevo_repositorio.png, id=525, 605.76312pt x 688.5725pt>
File: imagenes/estructura_y_desarrollo//preparacion_entorno/creando_nuevo_repositorio.png Graphic file (type png)
<use imagenes/estructura_y_desarrollo//preparacion_entorno/creando_nuevo_repositorio.png>
Package pdftex.def Info: imagenes/estructura_y_desarrollo//preparacion_entorno/creando_nuevo_repositorio.png  used on input line 28.
(pdftex.def)             Requested size: 242.30095pt x 275.4241pt.
 [30 <./imagenes/estructura_y_desarrollo//preparacion_entorno/creando_nuevo_repositorio.png>] [31] [32]
Overfull \hbox (50.64041pt too wide) in paragraph at lines 123--123
[]    \OT1/cmtt/m/n/10.95 sudo apt install apt-transport-https ca-certificates curl software-properties-common[] 
 []


Overfull \hbox (4.65091pt too wide) in paragraph at lines 124--124
[]    \OT1/cmtt/m/n/10.95 curl -fsSL https://download.docker.com/linux/ubuntu/gpg | sudo apt-key add -[] 
 []


Overfull \hbox (119.62466pt too wide) in paragraph at lines 125--125
[]    \OT1/cmtt/m/n/10.95 sudo add-apt-repository "deb [arch=amd64] https://download.docker.com/linux/ubuntu focal stable"[] 
 []


Overfull \hbox (401.31036pt too wide) in paragraph at lines 130--130
[]    \OT1/cmtt/m/n/10.95 sudo curl -L "https://github.com/docker/compose/releases/download/1.26.0/docker-compose-$(uname -s)-$(uname -m)" -o /usr/local/bin/docker-compose[] 
 []

)) (./capitulos/contruccion_de_la_aplicacion/construccion_aplicacion.tex [33] [34


]
chapter 4.
(./capitulos/contruccion_de_la_aplicacion/0_introduccion_a_docker.tex) (./capitulos/contruccion_de_la_aplicacion/1_base_de_datos.tex
<imagenes/estructura_y_desarrollo//db_design.png, id=574, 1055.945pt x 848.16875pt>
File: imagenes/estructura_y_desarrollo//db_design.png Graphic file (type png)
<use imagenes/estructura_y_desarrollo//db_design.png>
Package pdftex.def Info: imagenes/estructura_y_desarrollo//db_design.png  used on input line 6.
(pdftex.def)             Requested size: 455.23982pt x 365.66316pt.
 [35] [36 <./imagenes/estructura_y_desarrollo//db_design.png>] [37]) (./capitulos/contruccion_de_la_aplicacion/2_diseno_arquitectura.tex [38]
<imagenes/estructura_y_desarrollo//../complemento/clean_architecture.png, id=594, 1138.2525pt x 542.025pt>
File: imagenes/estructura_y_desarrollo//../complemento/clean_architecture.png Graphic file (type png)
<use imagenes/estructura_y_desarrollo//../complemento/clean_architecture.png>
Package pdftex.def Info: imagenes/estructura_y_desarrollo//../complemento/clean_architecture.png  used on input line 25.
(pdftex.def)             Requested size: 455.24083pt x 216.78134pt.
 [39 <./imagenes/estructura_y_desarrollo//../complemento/clean_architecture.png (PNG copy)>]) (./capitulos/contruccion_de_la_aplicacion/3_api.tex [40] [41] [42] [43] [44] [45]) (./capitulos/contruccion_de_la_aplicacion/4_web.tex (./capitulos/contruccion_de_la_aplicacion/4_web/estructura_proyecto.tex [46] [47]) (./capitulos/contruccion_de_la_aplicacion/4_web/componente.tex) (./capitulos/contruccion_de_la_aplicacion/4_web/servicio.tex) (./capitulos/contruccion_de_la_aplicacion/4_web/interfaz.tex [48]) (./capitulos/contruccion_de_la_aplicacion/4_web/elementos.tex
<imagenes/estructura_y_desarrollo//../contruccion_aplicacion/estructura_del_proyecto/interfaces.png, id=668, 139.27031pt x 130.23656pt>
File: imagenes/estructura_y_desarrollo//../contruccion_aplicacion/estructura_del_proyecto/interfaces.png Graphic file (type png)
<use imagenes/estructura_y_desarrollo//../contruccion_aplicacion/estructura_del_proyecto/interfaces.png>
Package pdftex.def Info: imagenes/estructura_y_desarrollo//../contruccion_aplicacion/estructura_del_proyecto/interfaces.png  used on input line 13.
(pdftex.def)             Requested size: 139.26996pt x 130.23624pt.
<imagenes/estructura_y_desarrollo//../contruccion_aplicacion/estructura_del_proyecto/servicios.png, id=669, 149.05687pt x 149.05687pt>
File: imagenes/estructura_y_desarrollo//../contruccion_aplicacion/estructura_del_proyecto/servicios.png Graphic file (type png)
<use imagenes/estructura_y_desarrollo//../contruccion_aplicacion/estructura_del_proyecto/servicios.png>
Package pdftex.def Info: imagenes/estructura_y_desarrollo//../contruccion_aplicacion/estructura_del_proyecto/servicios.png  used on input line 14.
(pdftex.def)             Requested size: 149.0565pt x 149.0565pt.


LaTeX Warning: `h' float specifier changed to `ht'.

[49]) (./capitulos/contruccion_de_la_aplicacion/4_web/creacion_componente.tex [50 <./imagenes/estructura_y_desarrollo//../contruccion_aplicacion/estructura_del_proyecto/interfaces.png> <./imagenes/estructura_y_desarrollo//../contruccion_aplicacion/estructura_del_proyecto/servicios.png>]) (./capitulos/contruccion_de_la_aplicacion/4_web/preparar_html.tex [51] [52]) (./capitulos/contruccion_de_la_aplicacion/4_web/definir_archivo_rutas.tex
<imagenes/estructura_y_desarrollo//../contruccion_aplicacion/estructura_del_proyecto/app_routing.png, id=700, 1716.4125pt x 908.39375pt>
File: imagenes/estructura_y_desarrollo//../contruccion_aplicacion/estructura_del_proyecto/app_routing.png Graphic file (type png)
<use imagenes/estructura_y_desarrollo//../contruccion_aplicacion/estructura_del_proyecto/app_routing.png>
Package pdftex.def Info: imagenes/estructura_y_desarrollo//../contruccion_aplicacion/estructura_del_proyecto/app_routing.png  used on input line 7.
(pdftex.def)             Requested size: 455.24411pt x 240.9311pt.
 [53 <./imagenes/estructura_y_desarrollo//../contruccion_aplicacion/estructura_del_proyecto/app_routing.png>]) (./capitulos/contruccion_de_la_aplicacion/4_web/definir_proxy.tex [54]) (./capitulos/contruccion_de_la_aplicacion/4_web/compilar_sitio_web.tex)) (./capitulos/contruccion_de_la_aplicacion/5_diseno_final.tex [55] [56


]
chapter 5.
<imagenes/estructura_y_desarrollo//../contruccion_aplicacion/design/login.png, id=719, 424.58624pt x 221.32687pt>
File: imagenes/estructura_y_desarrollo//../contruccion_aplicacion/design/login.png Graphic file (type png)
<use imagenes/estructura_y_desarrollo//../contruccion_aplicacion/design/login.png>
Package pdftex.def Info: imagenes/estructura_y_desarrollo//../contruccion_aplicacion/design/login.png  used on input line 7.
(pdftex.def)             Requested size: 212.2926pt x 110.66315pt.
<imagenes/estructura_y_desarrollo//../contruccion_aplicacion/design/register.png, id=720, 270.25969pt x 386.94562pt>
File: imagenes/estructura_y_desarrollo//../contruccion_aplicacion/design/register.png Graphic file (type png)
<use imagenes/estructura_y_desarrollo//../contruccion_aplicacion/design/register.png>
Package pdftex.def Info: imagenes/estructura_y_desarrollo//../contruccion_aplicacion/design/register.png  used on input line 8.
(pdftex.def)             Requested size: 135.1295pt x 193.47234pt.
<imagenes/estructura_y_desarrollo//../contruccion_aplicacion/design/user.png, id=723, 204.01219pt x 194.97844pt>
File: imagenes/estructura_y_desarrollo//../contruccion_aplicacion/design/user.png Graphic file (type png)
<use imagenes/estructura_y_desarrollo//../contruccion_aplicacion/design/user.png>
Package pdftex.def Info: imagenes/estructura_y_desarrollo//../contruccion_aplicacion/design/user.png  used on input line 26.
(pdftex.def)             Requested size: 102.00584pt x 97.48897pt.
<imagenes/estructura_y_desarrollo//../contruccion_aplicacion/design/user_unit.png, id=725, 203.25937pt x 260.47313pt>
File: imagenes/estructura_y_desarrollo//../contruccion_aplicacion/design/user_unit.png Graphic file (type png)
<use imagenes/estructura_y_desarrollo//../contruccion_aplicacion/design/user_unit.png>
Package pdftex.def Info: imagenes/estructura_y_desarrollo//../contruccion_aplicacion/design/user_unit.png  used on input line 32.
(pdftex.def)             Requested size: 101.62943pt x 130.23624pt.
[57 <./imagenes/estructura_y_desarrollo//../contruccion_aplicacion/design/login.png> <./imagenes/estructura_y_desarrollo//../contruccion_aplicacion/design/register.png>] [58 <./imagenes/estructura_y_desarrollo//../contruccion_aplicacion/design/user.png> <./imagenes/estructura_y_desarrollo//../contruccion_aplicacion/design/user_unit.png>]
<imagenes/estructura_y_desarrollo//../contruccion_aplicacion/design/object.png, id=740, 203.25937pt x 295.1025pt>
File: imagenes/estructura_y_desarrollo//../contruccion_aplicacion/design/object.png Graphic file (type png)
<use imagenes/estructura_y_desarrollo//../contruccion_aplicacion/design/object.png>
Package pdftex.def Info: imagenes/estructura_y_desarrollo//../contruccion_aplicacion/design/object.png  used on input line 55.
(pdftex.def)             Requested size: 101.62943pt x 147.55087pt.
<imagenes/estructura_y_desarrollo//../contruccion_aplicacion/design/group_of_object.png, id=742, 251.43938pt x 470.50781pt>
File: imagenes/estructura_y_desarrollo//../contruccion_aplicacion/design/group_of_object.png Graphic file (type png)
<use imagenes/estructura_y_desarrollo//../contruccion_aplicacion/design/group_of_object.png>
Package pdftex.def Info: imagenes/estructura_y_desarrollo//../contruccion_aplicacion/design/group_of_object.png  used on input line 65.
(pdftex.def)             Requested size: 125.71938pt x 235.25333pt.


LaTeX Warning: `h' float specifier changed to `ht'.

<imagenes/estructura_y_desarrollo//../contruccion_aplicacion/prestamos-working.png, id=744, 875.1897pt x 403.2666pt>
File: imagenes/estructura_y_desarrollo//../contruccion_aplicacion/prestamos-working.png Graphic file (type png)
<use imagenes/estructura_y_desarrollo//../contruccion_aplicacion/prestamos-working.png>
Package pdftex.def Info: imagenes/estructura_y_desarrollo//../contruccion_aplicacion/prestamos-working.png  used on input line 75.
(pdftex.def)             Requested size: 437.59378pt x 201.6328pt.

LaTeX Warning: `h' float specifier changed to `ht'.


Overfull \hbox (1.79729pt too wide) in paragraph at lines 80--81
[]\OT1/cmr/m/n/10.95 Habiendo visto los com-po-nentes prin-ci-pales que con-for-man la apli-caci^^Son otro as-pecto a destacar
 []

[59 <./imagenes/estructura_y_desarrollo//../contruccion_aplicacion/design/object.png>]
<imagenes/estructura_y_desarrollo//../contruccion_aplicacion/design/add_object/01_add_object.png, id=751, 667.74469pt x 271.76532pt>
File: imagenes/estructura_y_desarrollo//../contruccion_aplicacion/design/add_object/01_add_object.png Graphic file (type png)
<use imagenes/estructura_y_desarrollo//../contruccion_aplicacion/design/add_object/01_add_object.png>
Package pdftex.def Info: imagenes/estructura_y_desarrollo//../contruccion_aplicacion/design/add_object/01_add_object.png  used on input line 97.
(pdftex.def)             Requested size: 333.87152pt x 135.88232pt.


LaTeX Warning: `h' float specifier changed to `ht'.

<imagenes/estructura_y_desarrollo//../contruccion_aplicacion/design/add_object/02_add_object.png, id=753, 207.77625pt x 312.41719pt>
File: imagenes/estructura_y_desarrollo//../contruccion_aplicacion/design/add_object/02_add_object.png Graphic file (type png)
<use imagenes/estructura_y_desarrollo//../contruccion_aplicacion/design/add_object/02_add_object.png>
Package pdftex.def Info: imagenes/estructura_y_desarrollo//../contruccion_aplicacion/design/add_object/02_add_object.png  used on input line 107.
(pdftex.def)             Requested size: 103.88786pt x 156.2082pt.
<imagenes/estructura_y_desarrollo//../contruccion_aplicacion/design/add_object/03_add_object.png, id=754, 348.55219pt x 210.7875pt>
File: imagenes/estructura_y_desarrollo//../contruccion_aplicacion/design/add_object/03_add_object.png Graphic file (type png)
<use imagenes/estructura_y_desarrollo//../contruccion_aplicacion/design/add_object/03_add_object.png>
Package pdftex.def Info: imagenes/estructura_y_desarrollo//../contruccion_aplicacion/design/add_object/03_add_object.png  used on input line 108.
(pdftex.def)             Requested size: 174.27565pt x 105.3935pt.

LaTeX Warning: `h' float specifier changed to `ht'.

<imagenes/estructura_y_desarrollo//../contruccion_aplicacion/design/add_object/04_add_object.png, id=756, 248.42813pt x 471.26062pt>
File: imagenes/estructura_y_desarrollo//../contruccion_aplicacion/design/add_object/04_add_object.png Graphic file (type png)
<use imagenes/estructura_y_desarrollo//../contruccion_aplicacion/design/add_object/04_add_object.png>
Package pdftex.def Info: imagenes/estructura_y_desarrollo//../contruccion_aplicacion/design/add_object/04_add_object.png  used on input line 117.
(pdftex.def)             Requested size: 124.21376pt x 235.62973pt.

LaTeX Warning: `h' float specifier changed to `ht'.

[60 <./imagenes/estructura_y_desarrollo//../contruccion_aplicacion/design/group_of_object.png>]
<imagenes/estructura_y_desarrollo//../contruccion_aplicacion/design/add_object/05-add_object.png, id=771, 208.52907pt x 240.9pt>
File: imagenes/estructura_y_desarrollo//../contruccion_aplicacion/design/add_object/05-add_object.png Graphic file (type png)
<use imagenes/estructura_y_desarrollo//../contruccion_aplicacion/design/add_object/05-add_object.png>
Package pdftex.def Info: imagenes/estructura_y_desarrollo//../contruccion_aplicacion/design/add_object/05-add_object.png  used on input line 127.
(pdftex.def)             Requested size: 104.26427pt x 120.44969pt.


LaTeX Warning: `h' float specifier changed to `ht'.

<imagenes/estructura_y_desarrollo//../contruccion_aplicacion/design/add_object/07_add_object.png, id=773, 761.84625pt x 416.30531pt>
File: imagenes/estructura_y_desarrollo//../contruccion_aplicacion/design/add_object/07_add_object.png Graphic file (type png)
<use imagenes/estructura_y_desarrollo//../contruccion_aplicacion/design/add_object/07_add_object.png>
Package pdftex.def Info: imagenes/estructura_y_desarrollo//../contruccion_aplicacion/design/add_object/07_add_object.png  used on input line 135.
(pdftex.def)             Requested size: 380.9222pt x 208.15215pt.

LaTeX Warning: `h' float specifier changed to `ht'.

)) (./capitulos/deploy.tex [61 <./imagenes/estructura_y_desarrollo//../contruccion_aplicacion/prestamos-working.png> <./imagenes/estructura_y_desarrollo//../contruccion_aplicacion/design/add_object/01_add_object.png>] [62 <./imagenes/estructura_y_desarrollo//../contruccion_aplicacion/design/add_object/02_add_object.png> <./imagenes/estructura_y_desarrollo//../contruccion_aplicacion/design/add_object/03_add_object.png> <./imagenes/estructura_y_desarrollo//../contruccion_aplicacion/design/add_object/04_add_object.png> <./imagenes/estructura_y_desarrollo//../contruccion_aplicacion/design/add_object/05-add_object.png>] [63 <./imagenes/estructura_y_desarrollo//../contruccion_aplicacion/design/add_object/07_add_object.png>] [64


]
chapter 6.
[65] [66] [67]) (./capitulos/pruebas.tex [68]
chapter 7.
<imagenes/estructura_y_desarrollo//../pruebas/postman_creation_user.png, id=822, 1269.74374pt x 916.42375pt>
File: imagenes/estructura_y_desarrollo//../pruebas/postman_creation_user.png Graphic file (type png)
<use imagenes/estructura_y_desarrollo//../pruebas/postman_creation_user.png>
Package pdftex.def Info: imagenes/estructura_y_desarrollo//../pruebas/postman_creation_user.png  used on input line 18.
(pdftex.def)             Requested size: 380.92606pt x 274.92924pt.

LaTeX Warning: `h' float specifier changed to `ht'.

<imagenes/estructura_y_desarrollo//../pruebas/registro_usuario_selenium.png, id=826, 962.59625pt x 713.66624pt>
File: imagenes/estructura_y_desarrollo//../pruebas/registro_usuario_selenium.png Graphic file (type png)
<use imagenes/estructura_y_desarrollo//../pruebas/registro_usuario_selenium.png>
Package pdftex.def Info: imagenes/estructura_y_desarrollo//../pruebas/registro_usuario_selenium.png  used on input line 35.
(pdftex.def)             Requested size: 385.03168pt x 285.46143pt.
[69


]

LaTeX Warning: `h' float specifier changed to `ht'.

<imagenes/estructura_y_desarrollo//../pruebas/network_dev_tools_chrome.png, id=831, 434.37282pt x 293.59688pt>
File: imagenes/estructura_y_desarrollo//../pruebas/network_dev_tools_chrome.png Graphic file (type png)
<use imagenes/estructura_y_desarrollo//../pruebas/network_dev_tools_chrome.png>
Package pdftex.def Info: imagenes/estructura_y_desarrollo//../pruebas/network_dev_tools_chrome.png  used on input line 48.
(pdftex.def)             Requested size: 260.62569pt x 176.15947pt.
[70 <./imagenes/estructura_y_desarrollo//../pruebas/postman_creation_user.png>] [71 <./imagenes/estructura_y_desarrollo//../pruebas/registro_usuario_selenium.png> <./imagenes/estructura_y_desarrollo//../pruebas/network_dev_tools_chrome.png>]
Overfull \hbox (5.03865pt too wide) in paragraph at lines 68--74
\OT1/cmr/m/n/10.95 hab^^S^^Pa sido posi-ble conec-tar con ella porque las cre-den-ciales eran del es-tilo \OT1/cmr/m/it/10.95 `user':`unnauthenticated'
 []

) (./capitulos/conclusiones_y_mejoras.tex [72]
chapter 8.
) (/home/alejomaf/Documents/Inventarium/documentacion/build/main.bbl [73


] [74


]
chapter without number

Underfull \hbox (badness 2073) in paragraph at lines 249--262
[]\OT1/cmr/m/n/10.95 Izquierda, C.  (1 de di-ciem-bre de 2018).  \OT1/cmr/m/it/10.95 C^^Somo se hace: Api test-ing con post-
 []


Underfull \hbox (badness 1540) in paragraph at lines 274--287
[]\OT1/cmr/m/n/10.95 Josh.  (1 de abril de 2020).  \OT1/cmr/m/it/10.95 How to use mysql or mari-adb with node.js and ex-
 []


Underfull \hbox (badness 4739) in paragraph at lines 375--388
[]\OT1/cmr/m/n/10.95 Rainville, S.  (n.d.[]).  \OT1/cmr/m/it/10.95 How to con-fig-ure ng-inx for an-gu-lar and re-ac-tjs.  \OT1/cmr/m/n/10.95 Re-
 []


Underfull \hbox (badness 1137) in paragraph at lines 375--388
\OT1/cmr/m/n/10.95 trieved from []$\OT1/cmtt/m/n/10.95 https :// www [] .serverlab [] .ca / tutorials / linux / web [] -servers [] -linux / how [] -to []
 []

[75]) [76] (/home/alejomaf/Documents/Inventarium/documentacion/build/main.aux)
Package rerunfilecheck Info: File `main.out' has not changed.
(rerunfilecheck)             Checksum: D41D8CD98F00B204E9800998ECF8427E;0.
 ) 
Here is how much of TeX's memory you used:
 27592 strings out of 479304
 600229 string characters out of 5869780
 1079336 words of memory out of 5000000
 43841 multiletter control sequences out of 15000+600000
 410771 words of font info for 51 fonts, out of 8000000 for 9000
 1141 hyphenation exceptions out of 8191
 116i,21n,119p,10734b,875s stack positions out of 5000i,500n,10000p,200000b,80000s
{/usr/share/texmf/fonts/enc/dvips/cm-super/cm-super-ts1.enc}</usr/share/texlive/texmf-dist/fonts/type1/public/amsfonts/cm/cmbx10.pfb></usr/share/texlive/texmf-dist/fonts/type1/public/amsfonts/cm/cmbx8.pfb></usr/share/texlive/texmf-dist/fonts/type1/public/amsfonts/cm/cmbx9.pfb></usr/share/texlive/texmf-dist/fonts/type1/public/amsfonts/cm/cmr10.pfb></usr/share/texlive/texmf-dist/fonts/type1/public/amsfonts/cm/cmr9.pfb></usr/share/texlive/texmf-dist/fonts/type1/public/amsfonts/cm/cmsl10.pfb></usr/share/texlive/texmf-dist/fonts/type1/public/amsfonts/cm/cmssbx10.pfb></usr/share/texlive/texmf-dist/fonts/type1/public/amsfonts/cm/cmti10.pfb></usr/share/texlive/texmf-dist/fonts/type1/public/amsfonts/cm/cmtt10.pfb></usr/share/texmf/fonts/type1/public/cm-super/sfrm1095.pfb></usr/share/texmf/fonts/type1/public/cm-super/sfti1095.pfb>
Output written on /home/alejomaf/Documents/Inventarium/documentacion/build/main.pdf (76 pages, 5403545 bytes).
PDF statistics:
 1341 PDF objects out of 1440 (max. 8388607)
 1148 compressed objects within 12 object streams
 343 named destinations out of 1000 (max. 500000)
 1034 words of extra memory for PDF output out of 10000 (max. 10000000)

